<?xml version="1.0" encoding="UTF-8"?>
<!-- Generated by org.testng.reporters.JUnitReportReporter -->
<testsuite hostname="MSI" failures="0" tests="1" name="com.stv.design.designtests.MainTest" time="0.058" errors="0" timestamp="2021-09-12T22:31:33 MSK" skipped="0">
  <testcase classname="com.stv.design.designtests.MainTest" name="assertWiggleIconIsDisplayed" time="0.058"/>
  <system-out/>
</testsuite> <!-- com.stv.design.designtests.MainTest -->
